c:\users\erik\desktop\hypervisor\hypervisor\x64\debug\vc143.pdb
c:\users\erik\desktop\hypervisor\hypervisor\x64\debug\vmx.obj
c:\users\erik\desktop\hypervisor\hypervisor\x64\debug\util.obj
c:\users\erik\desktop\hypervisor\hypervisor\x64\debug\vmminitstate.obj
c:\users\erik\desktop\hypervisor\hypervisor\x64\debug\ept.obj
c:\users\erik\desktop\hypervisor\hypervisor\x64\debug\driver.obj
c:\users\erik\desktop\hypervisor\x64\debug\hypervisor\hypervisor.cat
c:\users\erik\desktop\hypervisor\x64\debug\hypervisor.sys
c:\users\erik\desktop\hypervisor\x64\debug\hypervisor.pdb
c:\users\erik\desktop\hypervisor\hypervisor\x64\debug\hypervisor.inf
c:\users\erik\desktop\hypervisor\x64\debug\hypervisor.cer
c:\users\erik\desktop\hypervisor\x64\debug\hypervisor.inf
c:\users\erik\desktop\hypervisor\hypervisor\x64\debug\hypervisor.tlog\cl.command.1.tlog
c:\users\erik\desktop\hypervisor\hypervisor\x64\debug\hypervisor.tlog\cl.read.1.tlog
c:\users\erik\desktop\hypervisor\hypervisor\x64\debug\hypervisor.tlog\cl.write.1.tlog
c:\users\erik\desktop\hypervisor\hypervisor\x64\debug\hypervisor.tlog\inf2cat-expand.25944.read.1.tlog
c:\users\erik\desktop\hypervisor\hypervisor\x64\debug\hypervisor.tlog\inf2cat-expand.25944.write.1.tlog
c:\users\erik\desktop\hypervisor\hypervisor\x64\debug\hypervisor.tlog\inf2cat-expand.read.1.tlog
c:\users\erik\desktop\hypervisor\hypervisor\x64\debug\hypervisor.tlog\inf2cat-expand.write.1.tlog
c:\users\erik\desktop\hypervisor\hypervisor\x64\debug\hypervisor.tlog\inf2cat.command.1.tlog
c:\users\erik\desktop\hypervisor\hypervisor\x64\debug\hypervisor.tlog\inf2cat.read.1.tlog
c:\users\erik\desktop\hypervisor\hypervisor\x64\debug\hypervisor.tlog\inf2cat.write.1.tlog
c:\users\erik\desktop\hypervisor\hypervisor\x64\debug\hypervisor.tlog\link.command.1.tlog
c:\users\erik\desktop\hypervisor\hypervisor\x64\debug\hypervisor.tlog\link.read.1.tlog
c:\users\erik\desktop\hypervisor\hypervisor\x64\debug\hypervisor.tlog\link.write.1.tlog
c:\users\erik\desktop\hypervisor\hypervisor\x64\debug\hypervisor.tlog\signtool.command.1.tlog
c:\users\erik\desktop\hypervisor\hypervisor\x64\debug\hypervisor.tlog\signtool.read.1.tlog
c:\users\erik\desktop\hypervisor\hypervisor\x64\debug\hypervisor.tlog\signtool.timestamp.1.tlog
c:\users\erik\desktop\hypervisor\hypervisor\x64\debug\hypervisor.tlog\signtool.write.1.tlog
c:\users\erik\desktop\hypervisor\hypervisor\x64\debug\hypervisor.tlog\stampinf.command.1.tlog
c:\users\erik\desktop\hypervisor\hypervisor\x64\debug\hypervisor.tlog\stampinf.read.1.tlog
c:\users\erik\desktop\hypervisor\hypervisor\x64\debug\hypervisor.tlog\stampinf.write.1.tlog
