c:\users\erik\desktop\hypervisor\hypervisor\hypervisor\x64\debug\vc143.pdb
c:\users\erik\desktop\backup\hypervisor\hypervisor\x64\debug\vc143.pdb
c:\users\erik\desktop\backup\hypervisor\hypervisor\x64\debug\util.obj
c:\users\erik\desktop\backup\hypervisor\hypervisor\x64\debug\vmminitstate.obj
c:\users\erik\desktop\backup\hypervisor\hypervisor\x64\debug\exithandler.obj
c:\users\erik\desktop\backup\hypervisor\hypervisor\x64\debug\ept.obj
c:\users\erik\desktop\hv\hypervisor\hypervisor\x64\debug\vc143.pdb
c:\users\erik\desktop\hv\hypervisor\hypervisor\x64\debug\util.obj
c:\users\erik\desktop\hv\hypervisor\hypervisor\x64\debug\vmminitstate.obj
c:\users\erik\desktop\hv\hypervisor\hypervisor\x64\debug\exithandler.obj
c:\users\erik\desktop\hv\hypervisor\hypervisor\x64\debug\ept.obj
c:\users\erik\desktop\hv\hypervisor\hypervisor\x64\debug\vmx.obj
c:\users\erik\desktop\hv\hypervisor\hypervisor\x64\debug\driver.obj
c:\users\erik\desktop\hv\hypervisor\x64\debug\hypervisor\hypervisor.cat
c:\users\erik\desktop\hv\hypervisor\x64\debug\hypervisor.sys
c:\users\erik\desktop\hv\hypervisor\x64\debug\hypervisor.pdb
c:\users\erik\desktop\hv\hypervisor\hypervisor\x64\debug\assembly.obj
c:\users\erik\desktop\hv\hypervisor\hypervisor\x64\debug\vmexit.obj
c:\users\erik\desktop\backup\hypervisor\hypervisor\x64\debug\hypervisor.inf
c:\users\erik\desktop\hv\hypervisor\hypervisor\x64\debug\hypervisor.inf
c:\users\erik\desktop\hv\hypervisor\x64\debug\hypervisor.cer
c:\users\erik\desktop\hv\hypervisor\x64\debug\hypervisor.inf
c:\users\erik\desktop\hv\hypervisor\hypervisor\x64\debug\exitroutines.obj
c:\users\erik\desktop\hv\hypervisor\hypervisor\x64\debug\regions.obj
c:\users\erik\desktop\hv\hypervisor\hypervisor\x64\debug\vm-exit.obj
c:\users\erik\desktop\hv\hypervisor\hypervisor\x64\debug\hypervisor.pdb
c:\users\erik\desktop\hv\hypervisor\hypervisor\x64\debug\hypervisor.tlog\cl.command.1.tlog
c:\users\erik\desktop\hv\hypervisor\hypervisor\x64\debug\hypervisor.tlog\cl.read.1.tlog
c:\users\erik\desktop\hv\hypervisor\hypervisor\x64\debug\hypervisor.tlog\cl.write.1.tlog
c:\users\erik\desktop\hv\hypervisor\hypervisor\x64\debug\hypervisor.tlog\inf2cat-expand.10672.read.1.tlog
c:\users\erik\desktop\hv\hypervisor\hypervisor\x64\debug\hypervisor.tlog\inf2cat-expand.10672.write.1.tlog
c:\users\erik\desktop\hv\hypervisor\hypervisor\x64\debug\hypervisor.tlog\inf2cat-expand.12272.read.1.tlog
c:\users\erik\desktop\hv\hypervisor\hypervisor\x64\debug\hypervisor.tlog\inf2cat-expand.12272.write.1.tlog
c:\users\erik\desktop\hv\hypervisor\hypervisor\x64\debug\hypervisor.tlog\inf2cat-expand.12832.read.1.tlog
c:\users\erik\desktop\hv\hypervisor\hypervisor\x64\debug\hypervisor.tlog\inf2cat-expand.12832.write.1.tlog
c:\users\erik\desktop\hv\hypervisor\hypervisor\x64\debug\hypervisor.tlog\inf2cat-expand.13132.read.1.tlog
c:\users\erik\desktop\hv\hypervisor\hypervisor\x64\debug\hypervisor.tlog\inf2cat-expand.13132.write.1.tlog
c:\users\erik\desktop\hv\hypervisor\hypervisor\x64\debug\hypervisor.tlog\inf2cat-expand.13676.read.1.tlog
c:\users\erik\desktop\hv\hypervisor\hypervisor\x64\debug\hypervisor.tlog\inf2cat-expand.13676.write.1.tlog
c:\users\erik\desktop\hv\hypervisor\hypervisor\x64\debug\hypervisor.tlog\inf2cat-expand.14080.read.1.tlog
c:\users\erik\desktop\hv\hypervisor\hypervisor\x64\debug\hypervisor.tlog\inf2cat-expand.14080.write.1.tlog
c:\users\erik\desktop\hv\hypervisor\hypervisor\x64\debug\hypervisor.tlog\inf2cat-expand.14488.read.1.tlog
c:\users\erik\desktop\hv\hypervisor\hypervisor\x64\debug\hypervisor.tlog\inf2cat-expand.14488.write.1.tlog
c:\users\erik\desktop\hv\hypervisor\hypervisor\x64\debug\hypervisor.tlog\inf2cat-expand.15100.read.1.tlog
c:\users\erik\desktop\hv\hypervisor\hypervisor\x64\debug\hypervisor.tlog\inf2cat-expand.15100.write.1.tlog
c:\users\erik\desktop\hv\hypervisor\hypervisor\x64\debug\hypervisor.tlog\inf2cat-expand.16900.read.1.tlog
c:\users\erik\desktop\hv\hypervisor\hypervisor\x64\debug\hypervisor.tlog\inf2cat-expand.16900.write.1.tlog
c:\users\erik\desktop\hv\hypervisor\hypervisor\x64\debug\hypervisor.tlog\inf2cat-expand.16928.read.1.tlog
c:\users\erik\desktop\hv\hypervisor\hypervisor\x64\debug\hypervisor.tlog\inf2cat-expand.16928.write.1.tlog
c:\users\erik\desktop\hv\hypervisor\hypervisor\x64\debug\hypervisor.tlog\inf2cat-expand.1812.read.1.tlog
c:\users\erik\desktop\hv\hypervisor\hypervisor\x64\debug\hypervisor.tlog\inf2cat-expand.1812.write.1.tlog
c:\users\erik\desktop\hv\hypervisor\hypervisor\x64\debug\hypervisor.tlog\inf2cat-expand.19092.read.1.tlog
c:\users\erik\desktop\hv\hypervisor\hypervisor\x64\debug\hypervisor.tlog\inf2cat-expand.19092.write.1.tlog
c:\users\erik\desktop\hv\hypervisor\hypervisor\x64\debug\hypervisor.tlog\inf2cat-expand.20296.read.1.tlog
c:\users\erik\desktop\hv\hypervisor\hypervisor\x64\debug\hypervisor.tlog\inf2cat-expand.20296.write.1.tlog
c:\users\erik\desktop\hv\hypervisor\hypervisor\x64\debug\hypervisor.tlog\inf2cat-expand.20792.read.1.tlog
c:\users\erik\desktop\hv\hypervisor\hypervisor\x64\debug\hypervisor.tlog\inf2cat-expand.20792.write.1.tlog
c:\users\erik\desktop\hv\hypervisor\hypervisor\x64\debug\hypervisor.tlog\inf2cat-expand.2096.read.1.tlog
c:\users\erik\desktop\hv\hypervisor\hypervisor\x64\debug\hypervisor.tlog\inf2cat-expand.2096.write.1.tlog
c:\users\erik\desktop\hv\hypervisor\hypervisor\x64\debug\hypervisor.tlog\inf2cat-expand.21780.read.1.tlog
c:\users\erik\desktop\hv\hypervisor\hypervisor\x64\debug\hypervisor.tlog\inf2cat-expand.21780.write.1.tlog
c:\users\erik\desktop\hv\hypervisor\hypervisor\x64\debug\hypervisor.tlog\inf2cat-expand.21932.read.1.tlog
c:\users\erik\desktop\hv\hypervisor\hypervisor\x64\debug\hypervisor.tlog\inf2cat-expand.21932.write.1.tlog
c:\users\erik\desktop\hv\hypervisor\hypervisor\x64\debug\hypervisor.tlog\inf2cat-expand.21948.read.1.tlog
c:\users\erik\desktop\hv\hypervisor\hypervisor\x64\debug\hypervisor.tlog\inf2cat-expand.21948.write.1.tlog
c:\users\erik\desktop\hv\hypervisor\hypervisor\x64\debug\hypervisor.tlog\inf2cat-expand.22180.read.1.tlog
c:\users\erik\desktop\hv\hypervisor\hypervisor\x64\debug\hypervisor.tlog\inf2cat-expand.22180.write.1.tlog
c:\users\erik\desktop\hv\hypervisor\hypervisor\x64\debug\hypervisor.tlog\inf2cat-expand.23436.read.1.tlog
c:\users\erik\desktop\hv\hypervisor\hypervisor\x64\debug\hypervisor.tlog\inf2cat-expand.23436.write.1.tlog
c:\users\erik\desktop\hv\hypervisor\hypervisor\x64\debug\hypervisor.tlog\inf2cat-expand.24632.read.1.tlog
c:\users\erik\desktop\hv\hypervisor\hypervisor\x64\debug\hypervisor.tlog\inf2cat-expand.24632.write.1.tlog
c:\users\erik\desktop\hv\hypervisor\hypervisor\x64\debug\hypervisor.tlog\inf2cat-expand.25724.read.1.tlog
c:\users\erik\desktop\hv\hypervisor\hypervisor\x64\debug\hypervisor.tlog\inf2cat-expand.25724.write.1.tlog
c:\users\erik\desktop\hv\hypervisor\hypervisor\x64\debug\hypervisor.tlog\inf2cat-expand.25944.read.1.tlog
c:\users\erik\desktop\hv\hypervisor\hypervisor\x64\debug\hypervisor.tlog\inf2cat-expand.25944.write.1.tlog
c:\users\erik\desktop\hv\hypervisor\hypervisor\x64\debug\hypervisor.tlog\inf2cat-expand.26156.read.1.tlog
c:\users\erik\desktop\hv\hypervisor\hypervisor\x64\debug\hypervisor.tlog\inf2cat-expand.26156.write.1.tlog
c:\users\erik\desktop\hv\hypervisor\hypervisor\x64\debug\hypervisor.tlog\inf2cat-expand.2624.read.1.tlog
c:\users\erik\desktop\hv\hypervisor\hypervisor\x64\debug\hypervisor.tlog\inf2cat-expand.2624.write.1.tlog
c:\users\erik\desktop\hv\hypervisor\hypervisor\x64\debug\hypervisor.tlog\inf2cat-expand.26268.read.1.tlog
c:\users\erik\desktop\hv\hypervisor\hypervisor\x64\debug\hypervisor.tlog\inf2cat-expand.26268.write.1.tlog
c:\users\erik\desktop\hv\hypervisor\hypervisor\x64\debug\hypervisor.tlog\inf2cat-expand.27616.read.1.tlog
c:\users\erik\desktop\hv\hypervisor\hypervisor\x64\debug\hypervisor.tlog\inf2cat-expand.27616.write.1.tlog
c:\users\erik\desktop\hv\hypervisor\hypervisor\x64\debug\hypervisor.tlog\inf2cat-expand.28448.read.1.tlog
c:\users\erik\desktop\hv\hypervisor\hypervisor\x64\debug\hypervisor.tlog\inf2cat-expand.28448.write.1.tlog
c:\users\erik\desktop\hv\hypervisor\hypervisor\x64\debug\hypervisor.tlog\inf2cat-expand.29096.read.1.tlog
c:\users\erik\desktop\hv\hypervisor\hypervisor\x64\debug\hypervisor.tlog\inf2cat-expand.29096.write.1.tlog
c:\users\erik\desktop\hv\hypervisor\hypervisor\x64\debug\hypervisor.tlog\inf2cat-expand.30144.read.1.tlog
c:\users\erik\desktop\hv\hypervisor\hypervisor\x64\debug\hypervisor.tlog\inf2cat-expand.30144.write.1.tlog
c:\users\erik\desktop\hv\hypervisor\hypervisor\x64\debug\hypervisor.tlog\inf2cat-expand.30740.read.1.tlog
c:\users\erik\desktop\hv\hypervisor\hypervisor\x64\debug\hypervisor.tlog\inf2cat-expand.30740.write.1.tlog
c:\users\erik\desktop\hv\hypervisor\hypervisor\x64\debug\hypervisor.tlog\inf2cat-expand.31032.read.1.tlog
c:\users\erik\desktop\hv\hypervisor\hypervisor\x64\debug\hypervisor.tlog\inf2cat-expand.31032.write.1.tlog
c:\users\erik\desktop\hv\hypervisor\hypervisor\x64\debug\hypervisor.tlog\inf2cat-expand.31280.read.1.tlog
c:\users\erik\desktop\hv\hypervisor\hypervisor\x64\debug\hypervisor.tlog\inf2cat-expand.31280.write.1.tlog
c:\users\erik\desktop\hv\hypervisor\hypervisor\x64\debug\hypervisor.tlog\inf2cat-expand.31976.read.1.tlog
c:\users\erik\desktop\hv\hypervisor\hypervisor\x64\debug\hypervisor.tlog\inf2cat-expand.31976.write.1.tlog
c:\users\erik\desktop\hv\hypervisor\hypervisor\x64\debug\hypervisor.tlog\inf2cat-expand.32012.read.1.tlog
c:\users\erik\desktop\hv\hypervisor\hypervisor\x64\debug\hypervisor.tlog\inf2cat-expand.32012.write.1.tlog
c:\users\erik\desktop\hv\hypervisor\hypervisor\x64\debug\hypervisor.tlog\inf2cat-expand.32200.read.1.tlog
c:\users\erik\desktop\hv\hypervisor\hypervisor\x64\debug\hypervisor.tlog\inf2cat-expand.32200.write.1.tlog
c:\users\erik\desktop\hv\hypervisor\hypervisor\x64\debug\hypervisor.tlog\inf2cat-expand.33300.read.1.tlog
c:\users\erik\desktop\hv\hypervisor\hypervisor\x64\debug\hypervisor.tlog\inf2cat-expand.33300.write.1.tlog
c:\users\erik\desktop\hv\hypervisor\hypervisor\x64\debug\hypervisor.tlog\inf2cat-expand.33320.read.1.tlog
c:\users\erik\desktop\hv\hypervisor\hypervisor\x64\debug\hypervisor.tlog\inf2cat-expand.33320.write.1.tlog
c:\users\erik\desktop\hv\hypervisor\hypervisor\x64\debug\hypervisor.tlog\inf2cat-expand.33672.read.1.tlog
c:\users\erik\desktop\hv\hypervisor\hypervisor\x64\debug\hypervisor.tlog\inf2cat-expand.33672.write.1.tlog
c:\users\erik\desktop\hv\hypervisor\hypervisor\x64\debug\hypervisor.tlog\inf2cat-expand.33716.read.1.tlog
c:\users\erik\desktop\hv\hypervisor\hypervisor\x64\debug\hypervisor.tlog\inf2cat-expand.33716.write.1.tlog
c:\users\erik\desktop\hv\hypervisor\hypervisor\x64\debug\hypervisor.tlog\inf2cat-expand.33932.read.1.tlog
c:\users\erik\desktop\hv\hypervisor\hypervisor\x64\debug\hypervisor.tlog\inf2cat-expand.33932.write.1.tlog
c:\users\erik\desktop\hv\hypervisor\hypervisor\x64\debug\hypervisor.tlog\inf2cat-expand.35772.read.1.tlog
c:\users\erik\desktop\hv\hypervisor\hypervisor\x64\debug\hypervisor.tlog\inf2cat-expand.35772.write.1.tlog
c:\users\erik\desktop\hv\hypervisor\hypervisor\x64\debug\hypervisor.tlog\inf2cat-expand.35900.read.1.tlog
c:\users\erik\desktop\hv\hypervisor\hypervisor\x64\debug\hypervisor.tlog\inf2cat-expand.35900.write.1.tlog
c:\users\erik\desktop\hv\hypervisor\hypervisor\x64\debug\hypervisor.tlog\inf2cat-expand.36156.read.1.tlog
c:\users\erik\desktop\hv\hypervisor\hypervisor\x64\debug\hypervisor.tlog\inf2cat-expand.36156.write.1.tlog
c:\users\erik\desktop\hv\hypervisor\hypervisor\x64\debug\hypervisor.tlog\inf2cat-expand.36468.read.1.tlog
c:\users\erik\desktop\hv\hypervisor\hypervisor\x64\debug\hypervisor.tlog\inf2cat-expand.36468.write.1.tlog
c:\users\erik\desktop\hv\hypervisor\hypervisor\x64\debug\hypervisor.tlog\inf2cat-expand.36472.read.1.tlog
c:\users\erik\desktop\hv\hypervisor\hypervisor\x64\debug\hypervisor.tlog\inf2cat-expand.36472.write.1.tlog
c:\users\erik\desktop\hv\hypervisor\hypervisor\x64\debug\hypervisor.tlog\inf2cat-expand.36548.read.1.tlog
c:\users\erik\desktop\hv\hypervisor\hypervisor\x64\debug\hypervisor.tlog\inf2cat-expand.36548.write.1.tlog
c:\users\erik\desktop\hv\hypervisor\hypervisor\x64\debug\hypervisor.tlog\inf2cat-expand.3672.read.1.tlog
c:\users\erik\desktop\hv\hypervisor\hypervisor\x64\debug\hypervisor.tlog\inf2cat-expand.3672.write.1.tlog
c:\users\erik\desktop\hv\hypervisor\hypervisor\x64\debug\hypervisor.tlog\inf2cat-expand.36772.read.1.tlog
c:\users\erik\desktop\hv\hypervisor\hypervisor\x64\debug\hypervisor.tlog\inf2cat-expand.36772.write.1.tlog
c:\users\erik\desktop\hv\hypervisor\hypervisor\x64\debug\hypervisor.tlog\inf2cat-expand.36964.read.1.tlog
c:\users\erik\desktop\hv\hypervisor\hypervisor\x64\debug\hypervisor.tlog\inf2cat-expand.36964.write.1.tlog
c:\users\erik\desktop\hv\hypervisor\hypervisor\x64\debug\hypervisor.tlog\inf2cat-expand.37092.read.1.tlog
c:\users\erik\desktop\hv\hypervisor\hypervisor\x64\debug\hypervisor.tlog\inf2cat-expand.37092.write.1.tlog
c:\users\erik\desktop\hv\hypervisor\hypervisor\x64\debug\hypervisor.tlog\inf2cat-expand.38196.read.1.tlog
c:\users\erik\desktop\hv\hypervisor\hypervisor\x64\debug\hypervisor.tlog\inf2cat-expand.38196.write.1.tlog
c:\users\erik\desktop\hv\hypervisor\hypervisor\x64\debug\hypervisor.tlog\inf2cat-expand.39196.read.1.tlog
c:\users\erik\desktop\hv\hypervisor\hypervisor\x64\debug\hypervisor.tlog\inf2cat-expand.39196.write.1.tlog
c:\users\erik\desktop\hv\hypervisor\hypervisor\x64\debug\hypervisor.tlog\inf2cat-expand.39792.read.1.tlog
c:\users\erik\desktop\hv\hypervisor\hypervisor\x64\debug\hypervisor.tlog\inf2cat-expand.39792.write.1.tlog
c:\users\erik\desktop\hv\hypervisor\hypervisor\x64\debug\hypervisor.tlog\inf2cat-expand.39964.read.1.tlog
c:\users\erik\desktop\hv\hypervisor\hypervisor\x64\debug\hypervisor.tlog\inf2cat-expand.39964.write.1.tlog
c:\users\erik\desktop\hv\hypervisor\hypervisor\x64\debug\hypervisor.tlog\inf2cat-expand.4300.read.1.tlog
c:\users\erik\desktop\hv\hypervisor\hypervisor\x64\debug\hypervisor.tlog\inf2cat-expand.4300.write.1.tlog
c:\users\erik\desktop\hv\hypervisor\hypervisor\x64\debug\hypervisor.tlog\inf2cat-expand.43140.read.1.tlog
c:\users\erik\desktop\hv\hypervisor\hypervisor\x64\debug\hypervisor.tlog\inf2cat-expand.43140.write.1.tlog
c:\users\erik\desktop\hv\hypervisor\hypervisor\x64\debug\hypervisor.tlog\inf2cat-expand.43392.read.1.tlog
c:\users\erik\desktop\hv\hypervisor\hypervisor\x64\debug\hypervisor.tlog\inf2cat-expand.43392.write.1.tlog
c:\users\erik\desktop\hv\hypervisor\hypervisor\x64\debug\hypervisor.tlog\inf2cat-expand.43916.read.1.tlog
c:\users\erik\desktop\hv\hypervisor\hypervisor\x64\debug\hypervisor.tlog\inf2cat-expand.43916.write.1.tlog
c:\users\erik\desktop\hv\hypervisor\hypervisor\x64\debug\hypervisor.tlog\inf2cat-expand.44392.read.1.tlog
c:\users\erik\desktop\hv\hypervisor\hypervisor\x64\debug\hypervisor.tlog\inf2cat-expand.44392.write.1.tlog
c:\users\erik\desktop\hv\hypervisor\hypervisor\x64\debug\hypervisor.tlog\inf2cat-expand.44884.read.1.tlog
c:\users\erik\desktop\hv\hypervisor\hypervisor\x64\debug\hypervisor.tlog\inf2cat-expand.44884.write.1.tlog
c:\users\erik\desktop\hv\hypervisor\hypervisor\x64\debug\hypervisor.tlog\inf2cat-expand.45096.read.1.tlog
c:\users\erik\desktop\hv\hypervisor\hypervisor\x64\debug\hypervisor.tlog\inf2cat-expand.45096.write.1.tlog
c:\users\erik\desktop\hv\hypervisor\hypervisor\x64\debug\hypervisor.tlog\inf2cat-expand.46112.read.1.tlog
c:\users\erik\desktop\hv\hypervisor\hypervisor\x64\debug\hypervisor.tlog\inf2cat-expand.46112.write.1.tlog
c:\users\erik\desktop\hv\hypervisor\hypervisor\x64\debug\hypervisor.tlog\inf2cat-expand.46192.read.1.tlog
c:\users\erik\desktop\hv\hypervisor\hypervisor\x64\debug\hypervisor.tlog\inf2cat-expand.46192.write.1.tlog
c:\users\erik\desktop\hv\hypervisor\hypervisor\x64\debug\hypervisor.tlog\inf2cat-expand.46340.read.1.tlog
c:\users\erik\desktop\hv\hypervisor\hypervisor\x64\debug\hypervisor.tlog\inf2cat-expand.46340.write.1.tlog
c:\users\erik\desktop\hv\hypervisor\hypervisor\x64\debug\hypervisor.tlog\inf2cat-expand.4692.read.1.tlog
c:\users\erik\desktop\hv\hypervisor\hypervisor\x64\debug\hypervisor.tlog\inf2cat-expand.4692.write.1.tlog
c:\users\erik\desktop\hv\hypervisor\hypervisor\x64\debug\hypervisor.tlog\inf2cat-expand.47716.read.1.tlog
c:\users\erik\desktop\hv\hypervisor\hypervisor\x64\debug\hypervisor.tlog\inf2cat-expand.47716.write.1.tlog
c:\users\erik\desktop\hv\hypervisor\hypervisor\x64\debug\hypervisor.tlog\inf2cat-expand.49540.read.1.tlog
c:\users\erik\desktop\hv\hypervisor\hypervisor\x64\debug\hypervisor.tlog\inf2cat-expand.49540.write.1.tlog
c:\users\erik\desktop\hv\hypervisor\hypervisor\x64\debug\hypervisor.tlog\inf2cat-expand.49588.read.1.tlog
c:\users\erik\desktop\hv\hypervisor\hypervisor\x64\debug\hypervisor.tlog\inf2cat-expand.49588.write.1.tlog
c:\users\erik\desktop\hv\hypervisor\hypervisor\x64\debug\hypervisor.tlog\inf2cat-expand.6428.read.1.tlog
c:\users\erik\desktop\hv\hypervisor\hypervisor\x64\debug\hypervisor.tlog\inf2cat-expand.6428.write.1.tlog
c:\users\erik\desktop\hv\hypervisor\hypervisor\x64\debug\hypervisor.tlog\inf2cat-expand.7592.read.1.tlog
c:\users\erik\desktop\hv\hypervisor\hypervisor\x64\debug\hypervisor.tlog\inf2cat-expand.7592.write.1.tlog
c:\users\erik\desktop\hv\hypervisor\hypervisor\x64\debug\hypervisor.tlog\inf2cat-expand.9148.read.1.tlog
c:\users\erik\desktop\hv\hypervisor\hypervisor\x64\debug\hypervisor.tlog\inf2cat-expand.9148.write.1.tlog
c:\users\erik\desktop\hv\hypervisor\hypervisor\x64\debug\hypervisor.tlog\inf2cat-expand.9588.read.1.tlog
c:\users\erik\desktop\hv\hypervisor\hypervisor\x64\debug\hypervisor.tlog\inf2cat-expand.9588.write.1.tlog
c:\users\erik\desktop\hv\hypervisor\hypervisor\x64\debug\hypervisor.tlog\inf2cat-expand.9892.read.1.tlog
c:\users\erik\desktop\hv\hypervisor\hypervisor\x64\debug\hypervisor.tlog\inf2cat-expand.9892.write.1.tlog
c:\users\erik\desktop\hv\hypervisor\hypervisor\x64\debug\hypervisor.tlog\inf2cat-expand.read.1.tlog
c:\users\erik\desktop\hv\hypervisor\hypervisor\x64\debug\hypervisor.tlog\inf2cat-expand.write.1.tlog
c:\users\erik\desktop\hv\hypervisor\hypervisor\x64\debug\hypervisor.tlog\inf2cat.command.1.tlog
c:\users\erik\desktop\hv\hypervisor\hypervisor\x64\debug\hypervisor.tlog\inf2cat.read.1.tlog
c:\users\erik\desktop\hv\hypervisor\hypervisor\x64\debug\hypervisor.tlog\inf2cat.read.8.tlog
c:\users\erik\desktop\hv\hypervisor\hypervisor\x64\debug\hypervisor.tlog\inf2cat.write.1.tlog
c:\users\erik\desktop\hv\hypervisor\hypervisor\x64\debug\hypervisor.tlog\inf2cat.write.8.tlog
c:\users\erik\desktop\hv\hypervisor\hypervisor\x64\debug\hypervisor.tlog\link.command.1.tlog
c:\users\erik\desktop\hv\hypervisor\hypervisor\x64\debug\hypervisor.tlog\link.read.1.tlog
c:\users\erik\desktop\hv\hypervisor\hypervisor\x64\debug\hypervisor.tlog\link.write.1.tlog
c:\users\erik\desktop\hv\hypervisor\hypervisor\x64\debug\hypervisor.tlog\masm.read.1u.tlog
c:\users\erik\desktop\hv\hypervisor\hypervisor\x64\debug\hypervisor.tlog\masm.write.1u.tlog
c:\users\erik\desktop\hv\hypervisor\hypervisor\x64\debug\hypervisor.tlog\signtool.command.1.tlog
c:\users\erik\desktop\hv\hypervisor\hypervisor\x64\debug\hypervisor.tlog\signtool.read.1.tlog
c:\users\erik\desktop\hv\hypervisor\hypervisor\x64\debug\hypervisor.tlog\signtool.timestamp.1.tlog
c:\users\erik\desktop\hv\hypervisor\hypervisor\x64\debug\hypervisor.tlog\signtool.write.1.tlog
c:\users\erik\desktop\hv\hypervisor\hypervisor\x64\debug\hypervisor.tlog\stampinf.command.1.tlog
c:\users\erik\desktop\hv\hypervisor\hypervisor\x64\debug\hypervisor.tlog\stampinf.read.1.tlog
c:\users\erik\desktop\hv\hypervisor\hypervisor\x64\debug\hypervisor.tlog\stampinf.write.1.tlog
